<?xml version="1.0" encoding="UTF-8"?>
<!-- Generated by org.testng.reporters.JUnitReportReporter -->
<testsuite hostname="INBENPPRASULW3" failures="0" tests="5" name="com.qa.sip.tests.LoginPageTest" time="21.180" errors="0" timestamp="2025-03-12T21:07:08 IST" skipped="0">
  <testcase classname="com.qa.sip.tests.LoginPageTest" name="TermsOfUseLinkDisplayed" time="5.666"/>
  <testcase classname="com.qa.sip.tests.LoginPageTest" name="isLogoExist" time="0.087"/>
  <testcase classname="com.qa.sip.tests.LoginPageTest" name="loginPageTitleTest" time="0.056"/>
  <testcase classname="com.qa.sip.tests.LoginPageTest" name="loginPageURLTest" time="0.050"/>
  <testcase classname="com.qa.sip.tests.LoginPageTest" name="loginTest" time="15.321"/>
</testsuite> <!-- com.qa.sip.tests.LoginPageTest -->
