<?xml version="1.0" encoding="UTF-8"?>
<!-- Generated by org.testng.reporters.JUnitReportReporter -->
<testsuite hostname="INBENPPRASULW3" failures="0" tests="14" name="com.qa.sip.tests.HomePageTest" time="13.564" errors="0" timestamp="2025-03-12T21:07:08 IST" skipped="2">
  <testcase classname="com.qa.sip.tests.HomePageTest" name="homeLogOutBtnTest" time="0.058"/>
  <testcase classname="com.qa.sip.tests.HomePageTest" name="homePageStoreNameColumnTest" time="0.057"/>
  <testcase classname="com.qa.sip.tests.HomePageTest" name="homePageStateColumnTest" time="0.060"/>
  <testcase classname="com.qa.sip.tests.HomePageTest" name="homePageZipColumnTest" time="0.067"/>
  <testcase classname="com.qa.sip.tests.HomePageTest" name="homePageDistributnPrtnerColumnTest" time="0.064"/>
  <testcase classname="com.qa.sip.tests.HomePageTest" name="homePageTitleTest" time="0.030"/>
  <testcase classname="com.qa.sip.tests.HomePageTest" name="homeAddressColumnTest" time="12.950"/>
  <testcase classname="com.qa.sip.tests.HomePageTest" name="homePageCityColumnTest" time="0.062"/>
  <testcase classname="com.qa.sip.tests.HomePageTest" name="homeSearchBtnTest" time="0.057"/>
  <testcase classname="com.qa.sip.tests.HomePageTest" name="homeStoreCodeColumnTest" time="0.068"/>
  <testcase classname="com.qa.sip.tests.HomePageTest" name="homePageURLTest" time="0.038"/>
  <testcase classname="com.qa.sip.tests.HomePageTest" name="homePageDivisionCodeColumnTest" time="0.053"/>
  <testcase classname="com.qa.sip.tests.HomePageTest" name="columnSizeTest">
    <skipped/>
  </testcase> <!-- columnSizeTest -->
  <testcase classname="com.qa.sip.tests.HomePageTest" name="columnNameTest">
    <skipped/>
  </testcase> <!-- columnNameTest -->
</testsuite> <!-- com.qa.sip.tests.HomePageTest -->
